Started
[Thu Sep 01 08:48:05 UTC 2022] Starting branch indexing...
[8mha:////4L31jXzKSSHJtIdfhA7ozXbGaUDyJMMsocNIcIUJN1Y5AAAAhB+LCAAAAAAAAP9b85aBtbiIwSa/KF0vKzUvOzOvODlTryCnNB3I0kvPLMkoTYpPKkrMS86IL84vLUpO1XPPLPEoTXLOzyvOz0n1yy9JZYAARiYGRi8GzpLM3NTiksTcgooiBqmM0pTi/Dy9ZIhiPayaGCoKgHTTD5s8KwBafdy5jgAAAA==[0mConnecting to https://api.github.com using GitHub Account
Examining [8mha:////4PR6caq41Hgjus2GZsA1DCmigaTPvwiY7J09c4L4xz+lAAAAsh+LCAAAAAAAAP9b85aBtbiIQSajNKU4P08vOT+vOD8nVc+jsiC1KCczL9svvyTVzHb1RttJBUeZGJg8GdhyUvPSSzJ8GJhLi3JKGIR8shLLEvVzEvPS9YNLijLz0q0rihik0IxzhtAgwxgggJGJgaGiAMiQL2EwyigpKSi20tdPzyzJKE0C6srVL0rNzUzPLC2u0k3Jz0uuqszWT8vMS8zRLSjKz0pNLgEA9izNibcAAAA=[0mremigiusz-donczyk/final-project

  Checking branches...

  Getting remote branches...

    Checking branch [8mha:////4KH/kquOtt0KwsHqXOGc+4UJZkpScxzHaYeeohgaWFAOAAAAth+LCAAAAAAAAP9djDEOgjAUhp8QPYCj8QrQzUHC5KIJcfEECM9SKG3TvhLgGF5DFw/hcbyDGDa/5f+W/3t+YOksbCtfOq3iQiunJcbHwaCVQjVnTbhLH6/0bt4BBCdYSVScqgxCbyXBOqvzLmcyV5xdyArFk97C5i93mPcXg5lFANCbSUKCpCIybs8YF1T56/RqmcVWcOHdGJVaFePQsJtQuYyM1TUWxMgishK7L+oqS3jAAAAA[0mdev

  Getting remote pull requests...
      ‘Jenkinsfile’ found
    Met criteria
Scheduled build for branch: dev

    Checking branch [8mha:////4J6jrdsHr0op/wb3u7t7L4lRZqhHgJuLFrr2bhng6YbrAAAAtx+LCAAAAAAAAP9djLsNwjAURR/hMwAlYoXEHQWQigakiIYJjGNsJ45t2c8oyRisAQ1DMA47EETHae5p7nm8YRo8LGUsgzUZsyZYzbN957jXytRHi3yV35/5zb0SSA4w09wIlAWMo9cI86KiV0o0NYKc0CsjNq2HxV9u99tvDH6MEoDWDTJB2EpEF9aECIUynodXQzxvlFAx9GlpDeu7mlyUoTp13lacIUHPOSktCx8QxfHQwQAAAA==[0mdocs
      ‘Jenkinsfile’ not found
    Does not meet criteria

    Checking branch [8mha:////4KbfNnlr6LvPjQKY2QEmvcuv2b0AJu/6PVnRzxgSROLOAAAAuB+LCAAAAAAAAP9djL0NwjAUhB/hZwBKxAqJOwogFQ1IEQ0TmMTYThzben5BScZgDWgYgnHYgSA6rrn7ivseb5gGhKVqiuBskjsbnBHJvvMCjbbV0ZFYpfdnevOvCKIDzIywklQG4wYNwTwr+ZUzw61kJ0Jt5aZFWPzpdr/+yuCXUQTQ+mFMCLaKyIc1Y1KTas7Dq2Yoai11E/q4cDbvu4pdtOUm9uhKkRMjFIINUHwAMP8SNMEAAAA=[0mprod
      ‘Jenkinsfile’ found
    Met criteria
Scheduled build for branch: prod

  3 branches were processed

  Checking pull-requests...

  0 pull requests were processed

Finished examining remigiusz-donczyk/final-project

[Thu Sep 01 08:48:07 UTC 2022] Finished branch indexing. Indexing took 2.6 sec
Finished: SUCCESS
