2022.09.01 08:22:40 INFO  ce[][o.s.p.ProcessEntryPoint] Starting ce
2022.09.01 08:22:40 INFO  ce[][o.s.ce.app.CeServer] Compute Engine starting up...
2022.09.01 08:22:41 INFO  ce[][o.s.s.e.EsClientProvider] Connected to local Elasticsearch: [http://localhost:9001]
2022.09.01 08:22:41 INFO  ce[][o.sonar.db.Database] Create JDBC data source for jdbc:postgresql://sonarqubedb:5432/sonar
2022.09.01 08:22:41 INFO  ce[][o.s.s.p.ServerFileSystemImpl] SonarQube home: /opt/sonarqube
2022.09.01 08:22:42 INFO  ce[][o.s.c.c.CePluginRepository] Load plugins
2022.09.01 08:22:42 INFO  ce[][o.s.c.c.ComputeEngineContainerImpl] Running Community edition
2022.09.01 08:22:42 INFO  ce[][o.s.ce.app.CeServer] Compute Engine is operational
2022.09.01 08:50:30 INFO  ce[][o.s.p.ProcessEntryPoint] Gracefully stopping process
2022.09.01 08:50:30 INFO  ce[][o.s.ce.app.CeServer] Compute Engine is stopping...
2022.09.01 08:50:30 INFO  ce[][o.s.c.t.CeProcessingSchedulerImpl] Gracefully stopping workers...
2022.09.01 08:50:30 INFO  ce[][o.s.ce.app.CeServer] Compute Engine is stopped
2022.09.01 08:58:35 INFO  ce[][o.s.p.ProcessEntryPoint] Starting ce
2022.09.01 08:58:35 INFO  ce[][o.s.ce.app.CeServer] Compute Engine starting up...
2022.09.01 08:58:36 INFO  ce[][o.s.s.e.EsClientProvider] Connected to local Elasticsearch: [http://localhost:9001]
2022.09.01 08:58:36 INFO  ce[][o.sonar.db.Database] Create JDBC data source for jdbc:postgresql://sonarqubedb:5432/sonar
2022.09.01 08:58:37 INFO  ce[][o.s.s.p.ServerFileSystemImpl] SonarQube home: /opt/sonarqube
2022.09.01 08:58:37 INFO  ce[][o.s.c.c.CePluginRepository] Load plugins
2022.09.01 08:58:38 INFO  ce[][o.s.c.c.ComputeEngineContainerImpl] Running Community edition
2022.09.01 08:58:38 INFO  ce[][o.s.ce.app.CeServer] Compute Engine is operational
2022.09.01 09:02:14 INFO  ce[][o.s.p.ProcessEntryPoint] Gracefully stopping process
2022.09.01 09:02:14 INFO  ce[][o.s.ce.app.CeServer] Compute Engine is stopping...
2022.09.01 09:02:14 INFO  ce[][o.s.c.t.CeProcessingSchedulerImpl] Gracefully stopping workers...
2022.09.01 09:02:14 INFO  ce[][o.s.ce.app.CeServer] Compute Engine is stopped
