2022.09.01 08:00:15 INFO  app[][o.s.a.AppFileSystem] Cleaning or creating temp directory /opt/sonarqube/temp
2022.09.01 08:00:15 INFO  app[][o.s.a.es.EsSettings] Elasticsearch listening on [HTTP: 127.0.0.1:9001, TCP: 127.0.0.1:43167]
2022.09.01 08:00:15 INFO  app[][o.s.a.ProcessLauncherImpl] Launch process[[key='es', ipcIndex=1, logFilenamePrefix=es]] from [/opt/sonarqube/elasticsearch]: /opt/sonarqube/elasticsearch/bin/elasticsearch
2022.09.01 08:00:15 INFO  app[][o.s.a.SchedulerImpl] Waiting for Elasticsearch to be up and running
2022.09.01 08:00:20 INFO  app[][o.s.a.SchedulerImpl] Process[es] is up
2022.09.01 08:00:20 INFO  app[][o.s.a.ProcessLauncherImpl] Launch process[[key='web', ipcIndex=2, logFilenamePrefix=web]] from [/opt/sonarqube]: /opt/java/openjdk/bin/java -Djava.awt.headless=true -Dfile.encoding=UTF-8 -Djava.io.tmpdir=/opt/sonarqube/temp -XX:-OmitStackTraceInFastThrow --add-opens=java.base/java.util=ALL-UNNAMED --add-opens=java.base/java.lang=ALL-UNNAMED --add-opens=java.base/java.io=ALL-UNNAMED --add-opens=java.rmi/sun.rmi.transport=ALL-UNNAMED -Xmx512m -Xms128m -XX:+HeapDumpOnOutOfMemoryError -Dhttp.nonProxyHosts=localhost|127.*|[::1] -cp ./lib/sonar-application-8.9.9.56886.jar:/opt/sonarqube/lib/jdbc/h2/h2-1.4.199.jar org.sonar.server.app.WebServer /opt/sonarqube/temp/sq-process69548571286107084properties
2022.09.01 08:22:12 INFO  app[][o.s.a.AppFileSystem] Cleaning or creating temp directory /opt/sonarqube/temp
2022.09.01 08:22:12 INFO  app[][o.s.a.es.EsSettings] Elasticsearch listening on [HTTP: 127.0.0.1:9001, TCP: 127.0.0.1:34171]
2022.09.01 08:22:12 INFO  app[][o.s.a.ProcessLauncherImpl] Launch process[[key='es', ipcIndex=1, logFilenamePrefix=es]] from [/opt/sonarqube/elasticsearch]: /opt/sonarqube/elasticsearch/bin/elasticsearch
2022.09.01 08:22:12 INFO  app[][o.s.a.SchedulerImpl] Waiting for Elasticsearch to be up and running
2022.09.01 08:22:21 INFO  app[][o.s.a.SchedulerImpl] Process[es] is up
2022.09.01 08:22:21 INFO  app[][o.s.a.ProcessLauncherImpl] Launch process[[key='web', ipcIndex=2, logFilenamePrefix=web]] from [/opt/sonarqube]: /opt/java/openjdk/bin/java -Djava.awt.headless=true -Dfile.encoding=UTF-8 -Djava.io.tmpdir=/opt/sonarqube/temp -XX:-OmitStackTraceInFastThrow --add-opens=java.base/java.util=ALL-UNNAMED --add-opens=java.base/java.lang=ALL-UNNAMED --add-opens=java.base/java.io=ALL-UNNAMED --add-opens=java.rmi/sun.rmi.transport=ALL-UNNAMED -Xmx512m -Xms128m -XX:+HeapDumpOnOutOfMemoryError -Dhttp.nonProxyHosts=localhost|127.*|[::1] -cp ./lib/sonar-application-8.9.9.56886.jar:/opt/sonarqube/lib/jdbc/postgresql/postgresql-42.3.3.jar org.sonar.server.app.WebServer /opt/sonarqube/temp/sq-process3510074345375402003properties
2022.09.01 08:22:40 INFO  app[][o.s.a.SchedulerImpl] Process[web] is up
2022.09.01 08:22:40 INFO  app[][o.s.a.ProcessLauncherImpl] Launch process[[key='ce', ipcIndex=3, logFilenamePrefix=ce]] from [/opt/sonarqube]: /opt/java/openjdk/bin/java -Djava.awt.headless=true -Dfile.encoding=UTF-8 -Djava.io.tmpdir=/opt/sonarqube/temp -XX:-OmitStackTraceInFastThrow --add-opens=java.base/java.util=ALL-UNNAMED -Xmx512m -Xms128m -XX:+HeapDumpOnOutOfMemoryError -Dhttp.nonProxyHosts=localhost|127.*|[::1] -cp ./lib/sonar-application-8.9.9.56886.jar:/opt/sonarqube/lib/jdbc/postgresql/postgresql-42.3.3.jar org.sonar.ce.app.CeServer /opt/sonarqube/temp/sq-process5247007810345730659properties
2022.09.01 08:22:42 INFO  app[][o.s.a.SchedulerImpl] Process[ce] is up
2022.09.01 08:22:42 INFO  app[][o.s.a.SchedulerImpl] SonarQube is up
2022.09.01 08:50:30 INFO  app[][o.s.a.SchedulerImpl] Stopping SonarQube
2022.09.01 08:50:30 INFO  app[][o.s.a.SchedulerImpl] Process[ce] is stopped
2022.09.01 08:50:30 INFO  app[][o.s.a.SchedulerImpl] Process[web] is stopped
2022.09.01 08:50:30 INFO  app[][o.s.a.SchedulerImpl] Process[es] is stopped
2022.09.01 08:50:30 INFO  app[][o.s.a.SchedulerImpl] SonarQube is stopped
2022.09.01 08:50:30 WARN  app[][o.s.a.p.AbstractManagedProcess] Process exited with exit value [es]: 143
2022.09.01 08:58:18 INFO  app[][o.s.a.AppFileSystem] Cleaning or creating temp directory /opt/sonarqube/temp
2022.09.01 08:58:18 INFO  app[][o.s.a.es.EsSettings] Elasticsearch listening on [HTTP: 127.0.0.1:9001, TCP: 127.0.0.1:34089]
2022.09.01 08:58:18 INFO  app[][o.s.a.ProcessLauncherImpl] Launch process[[key='es', ipcIndex=1, logFilenamePrefix=es]] from [/opt/sonarqube/elasticsearch]: /opt/sonarqube/elasticsearch/bin/elasticsearch
2022.09.01 08:58:18 INFO  app[][o.s.a.SchedulerImpl] Waiting for Elasticsearch to be up and running
2022.09.01 08:58:27 INFO  app[][o.s.a.SchedulerImpl] Process[es] is up
2022.09.01 08:58:27 INFO  app[][o.s.a.ProcessLauncherImpl] Launch process[[key='web', ipcIndex=2, logFilenamePrefix=web]] from [/opt/sonarqube]: /opt/java/openjdk/bin/java -Djava.awt.headless=true -Dfile.encoding=UTF-8 -Djava.io.tmpdir=/opt/sonarqube/temp -XX:-OmitStackTraceInFastThrow --add-opens=java.base/java.util=ALL-UNNAMED --add-opens=java.base/java.lang=ALL-UNNAMED --add-opens=java.base/java.io=ALL-UNNAMED --add-opens=java.rmi/sun.rmi.transport=ALL-UNNAMED -Xmx512m -Xms128m -XX:+HeapDumpOnOutOfMemoryError -Dhttp.nonProxyHosts=localhost|127.*|[::1] -cp ./lib/sonar-application-8.9.9.56886.jar:/opt/sonarqube/lib/jdbc/postgresql/postgresql-42.3.3.jar org.sonar.server.app.WebServer /opt/sonarqube/temp/sq-process14514261117576390178properties
2022.09.01 08:58:35 INFO  app[][o.s.a.SchedulerImpl] Process[web] is up
2022.09.01 08:58:35 INFO  app[][o.s.a.ProcessLauncherImpl] Launch process[[key='ce', ipcIndex=3, logFilenamePrefix=ce]] from [/opt/sonarqube]: /opt/java/openjdk/bin/java -Djava.awt.headless=true -Dfile.encoding=UTF-8 -Djava.io.tmpdir=/opt/sonarqube/temp -XX:-OmitStackTraceInFastThrow --add-opens=java.base/java.util=ALL-UNNAMED -Xmx512m -Xms128m -XX:+HeapDumpOnOutOfMemoryError -Dhttp.nonProxyHosts=localhost|127.*|[::1] -cp ./lib/sonar-application-8.9.9.56886.jar:/opt/sonarqube/lib/jdbc/postgresql/postgresql-42.3.3.jar org.sonar.ce.app.CeServer /opt/sonarqube/temp/sq-process13744552070343844002properties
2022.09.01 08:58:38 INFO  app[][o.s.a.SchedulerImpl] Process[ce] is up
2022.09.01 08:58:38 INFO  app[][o.s.a.SchedulerImpl] SonarQube is up
2022.09.01 09:02:14 INFO  app[][o.s.a.SchedulerImpl] Stopping SonarQube
2022.09.01 09:02:14 INFO  app[][o.s.a.SchedulerImpl] Process[ce] is stopped
2022.09.01 09:02:15 INFO  app[][o.s.a.SchedulerImpl] Process[web] is stopped
2022.09.01 09:02:15 WARN  app[][o.s.a.p.AbstractManagedProcess] Process exited with exit value [es]: 143
2022.09.01 09:02:15 INFO  app[][o.s.a.SchedulerImpl] Process[es] is stopped
2022.09.01 09:02:15 INFO  app[][o.s.a.SchedulerImpl] SonarQube is stopped
